<?xml version="1.0" encoding="UTF-8"?>
<testng-results skipped="0" failed="0" ignored="0" total="1" passed="1">
  <reporter-output>
  </reporter-output>
  <suite name="Surefire suite" duration-ms="5252" started-at="2017-10-24T14:34:03Z" finished-at="2017-10-24T14:34:08Z">
    <groups>
    </groups>
    <test name="Surefire test" duration-ms="5252" started-at="2017-10-24T14:34:03Z" finished-at="2017-10-24T14:34:08Z">
      <class name="selenium.SeleniumTests">
        <test-method status="PASS" signature="setUp()[pri:0, instance:selenium.SeleniumTests@26f67b76]" name="setUp" is-config="true" duration-ms="7899" started-at="2017-10-24T16:33:55Z" finished-at="2017-10-24T16:34:03Z">
          <reporter-output>
          </reporter-output>
        </test-method> <!-- setUp -->
        <test-method status="PASS" signature="homePage()[pri:0, instance:selenium.SeleniumTests@26f67b76]" name="homePage" duration-ms="5232" started-at="2017-10-24T16:34:03Z" finished-at="2017-10-24T16:34:08Z">
          <reporter-output>
          </reporter-output>
        </test-method> <!-- homePage -->
      </class> <!-- selenium.SeleniumTests -->
    </test> <!-- Surefire test -->
  </suite> <!-- Surefire suite -->
</testng-results>
