<?xml version="1.0" encoding="UTF-8"?>
<testng-results skipped="0" failed="0" ignored="0" total="1" passed="1">
  <reporter-output>
  </reporter-output>
  <suite name="Default suite" duration-ms="4303" started-at="2017-10-20T13:19:39Z" finished-at="2017-10-20T13:19:43Z">
    <groups>
    </groups>
    <test name="Default test" duration-ms="4303" started-at="2017-10-20T13:19:39Z" finished-at="2017-10-20T13:19:43Z">
      <class name="selenium.SeleniumTests">
        <test-method status="PASS" signature="setUp()[pri:0, instance:selenium.SeleniumTests@5f9d02cb]" name="setUp" is-config="true" duration-ms="5685" started-at="2017-10-20T15:19:33Z" finished-at="2017-10-20T15:19:39Z">
          <reporter-output>
          </reporter-output>
        </test-method> <!-- setUp -->
        <test-method status="PASS" signature="homePage()[pri:0, instance:selenium.SeleniumTests@5f9d02cb]" name="homePage" duration-ms="4264" started-at="2017-10-20T15:19:39Z" finished-at="2017-10-20T15:19:43Z">
          <reporter-output>
          </reporter-output>
        </test-method> <!-- homePage -->
      </class> <!-- selenium.SeleniumTests -->
    </test> <!-- Default test -->
  </suite> <!-- Default suite -->
</testng-results>
